2021-07-30 22:42:23.214 [restartedMain] INFO  cn.coal.trading.CTApplication - Starting CTApplication using Java 11.0.10 on songyandeMacBook-Air.local with PID 50759 (/Users/songyanbai/CoalTrading/target/classes started by songyanbai in /Users/songyanbai/CoalTrading)
2021-07-30 22:42:23.221 [restartedMain] INFO  cn.coal.trading.CTApplication - No active profile set, falling back to default profiles: default
2021-07-30 22:42:23.273 [restartedMain] INFO  o.s.b.d.env.DevToolsPropertyDefaultsPostProcessor - Devtools property defaults active! Set 'spring.devtools.add-properties' to 'false' to disable
2021-07-30 22:42:23.274 [restartedMain] INFO  o.s.b.d.env.DevToolsPropertyDefaultsPostProcessor - For additional web related logging consider setting the 'logging.level.web' property to 'DEBUG'
2021-07-30 22:42:24.934 [restartedMain] INFO  o.s.c.s.PostProcessorRegistrationDelegate$BeanPostProcessorChecker - Bean 'com.baomidou.shaun.autoconfigure.ShaunAnnotationAutoConfiguration' of type [com.baomidou.shaun.autoconfigure.ShaunAnnotationAutoConfiguration] is not eligible for getting processed by all BeanPostProcessors (for example: not eligible for auto-proxying)
2021-07-30 22:42:24.939 [restartedMain] INFO  o.s.c.s.PostProcessorRegistrationDelegate$BeanPostProcessorChecker - Bean 'shaunMethodSecurityInterceptor' of type [com.baomidou.shaun.core.aop.MethodSecurityInterceptor] is not eligible for getting processed by all BeanPostProcessors (for example: not eligible for auto-proxying)
2021-07-30 22:42:24.941 [restartedMain] INFO  o.s.c.s.PostProcessorRegistrationDelegate$BeanPostProcessorChecker - Bean 'shaunMethodSecurityAdvisor' of type [com.baomidou.shaun.core.aop.MethodSecurityAdvisor] is not eligible for getting processed by all BeanPostProcessors (for example: not eligible for auto-proxying)
2021-07-30 22:42:25.528 [restartedMain] INFO  o.s.boot.web.embedded.tomcat.TomcatWebServer - Tomcat initialized with port(s): 8080 (http)
2021-07-30 22:42:25.538 [restartedMain] INFO  org.apache.coyote.http11.Http11NioProtocol - Initializing ProtocolHandler ["http-nio-8080"]
2021-07-30 22:42:25.540 [restartedMain] INFO  org.apache.catalina.core.StandardService - Starting service [Tomcat]
2021-07-30 22:42:25.540 [restartedMain] INFO  org.apache.catalina.core.StandardEngine - Starting Servlet engine: [Apache Tomcat/9.0.46]
2021-07-30 22:42:25.625 [restartedMain] INFO  o.a.c.core.ContainerBase.[Tomcat].[localhost].[/] - Initializing Spring embedded WebApplicationContext
2021-07-30 22:42:25.625 [restartedMain] INFO  o.s.b.w.s.c.ServletWebServerApplicationContext - Root WebApplicationContext: initialization completed in 2350 ms
2021-07-30 22:42:26.875 [restartedMain] INFO  o.s.b.d.autoconfigure.OptionalLiveReloadServer - LiveReload server is running on port 35729
2021-07-30 22:42:26.999 [restartedMain] INFO  o.s.b.a.s.s.UserDetailsServiceAutoConfiguration - 

Using generated security password: b43f265c-9994-47b7-871e-b882a6938434

2021-07-30 22:42:27.068 [restartedMain] INFO  o.s.security.web.DefaultSecurityFilterChain - Will secure any request with [org.springframework.security.web.context.request.async.WebAsyncManagerIntegrationFilter@5d497c93, org.springframework.security.web.context.SecurityContextPersistenceFilter@7c563934, org.springframework.security.web.header.HeaderWriterFilter@3aed717d, org.springframework.security.web.csrf.CsrfFilter@1b0c606f, org.springframework.security.web.authentication.logout.LogoutFilter@aead828, org.springframework.security.web.authentication.UsernamePasswordAuthenticationFilter@3c7b8355, org.springframework.security.web.authentication.ui.DefaultLoginPageGeneratingFilter@47ad08cd, org.springframework.security.web.authentication.ui.DefaultLogoutPageGeneratingFilter@27feec6d, org.springframework.security.web.authentication.www.BasicAuthenticationFilter@2cc6a8f8, org.springframework.security.web.savedrequest.RequestCacheAwareFilter@6264adb6, org.springframework.security.web.servletapi.SecurityContextHolderAwareRequestFilter@63ee3845, org.springframework.security.web.authentication.AnonymousAuthenticationFilter@3ee60102, org.springframework.security.web.session.SessionManagementFilter@4515d7dd, org.springframework.security.web.access.ExceptionTranslationFilter@4adf0b9e, org.springframework.security.web.access.intercept.FilterSecurityInterceptor@6cea0644]
2021-07-30 22:42:27.146 [restartedMain] INFO  org.apache.coyote.http11.Http11NioProtocol - Starting ProtocolHandler ["http-nio-8080"]
2021-07-30 22:42:27.162 [restartedMain] INFO  o.s.boot.web.embedded.tomcat.TomcatWebServer - Tomcat started on port(s): 8080 (http) with context path ''
2021-07-30 22:42:27.202 [restartedMain] INFO  cn.coal.trading.CTApplication - Started CTApplication in 4.698 seconds (JVM running for 6.825)
2021-07-30 22:42:27.206 [restartedMain] INFO  o.s.boot.availability.ApplicationAvailabilityBean - Application availability state LivenessState changed to CORRECT
2021-07-30 22:42:27.209 [restartedMain] INFO  o.s.boot.availability.ApplicationAvailabilityBean - Application availability state ReadinessState changed to ACCEPTING_TRAFFIC
2021-07-30 22:43:40.312 [http-nio-8080-exec-2] INFO  o.a.c.core.ContainerBase.[Tomcat].[localhost].[/] - Initializing Spring DispatcherServlet 'dispatcherServlet'
2021-07-30 22:43:40.314 [http-nio-8080-exec-2] INFO  org.springframework.web.servlet.DispatcherServlet - Initializing Servlet 'dispatcherServlet'
2021-07-30 22:43:40.323 [http-nio-8080-exec-2] INFO  org.springframework.web.servlet.DispatcherServlet - Completed initialization in 8 ms
2021-07-30 22:43:40.394 [http-nio-8080-exec-2] INFO  com.baomidou.shaun.core.client.TokenClient - Failed to retrieve or validate credentials: Cannot decrypt / verify JWT
2021-07-30 22:58:03.636 [SpringContextShutdownHook] INFO  o.s.boot.availability.ApplicationAvailabilityBean - Application availability state ReadinessState changed from ACCEPTING_TRAFFIC to REFUSING_TRAFFIC
2021-07-30 22:58:13.315 [restartedMain] INFO  cn.coal.trading.CTApplication - Starting CTApplication using Java 11.0.10 on songyandeMacBook-Air.local with PID 50951 (/Users/songyanbai/CoalTrading/target/classes started by songyanbai in /Users/songyanbai/CoalTrading)
2021-07-30 22:58:13.320 [restartedMain] INFO  cn.coal.trading.CTApplication - No active profile set, falling back to default profiles: default
2021-07-30 22:58:13.383 [restartedMain] INFO  o.s.b.d.env.DevToolsPropertyDefaultsPostProcessor - Devtools property defaults active! Set 'spring.devtools.add-properties' to 'false' to disable
2021-07-30 22:58:13.384 [restartedMain] INFO  o.s.b.d.env.DevToolsPropertyDefaultsPostProcessor - For additional web related logging consider setting the 'logging.level.web' property to 'DEBUG'
2021-07-30 22:58:14.884 [restartedMain] INFO  o.s.c.s.PostProcessorRegistrationDelegate$BeanPostProcessorChecker - Bean 'com.baomidou.shaun.autoconfigure.ShaunAnnotationAutoConfiguration' of type [com.baomidou.shaun.autoconfigure.ShaunAnnotationAutoConfiguration] is not eligible for getting processed by all BeanPostProcessors (for example: not eligible for auto-proxying)
2021-07-30 22:58:14.889 [restartedMain] INFO  o.s.c.s.PostProcessorRegistrationDelegate$BeanPostProcessorChecker - Bean 'shaunMethodSecurityInterceptor' of type [com.baomidou.shaun.core.aop.MethodSecurityInterceptor] is not eligible for getting processed by all BeanPostProcessors (for example: not eligible for auto-proxying)
2021-07-30 22:58:14.891 [restartedMain] INFO  o.s.c.s.PostProcessorRegistrationDelegate$BeanPostProcessorChecker - Bean 'shaunMethodSecurityAdvisor' of type [com.baomidou.shaun.core.aop.MethodSecurityAdvisor] is not eligible for getting processed by all BeanPostProcessors (for example: not eligible for auto-proxying)
2021-07-30 22:58:15.514 [restartedMain] INFO  o.s.boot.web.embedded.tomcat.TomcatWebServer - Tomcat initialized with port(s): 8080 (http)
2021-07-30 22:58:15.522 [restartedMain] INFO  org.apache.coyote.http11.Http11NioProtocol - Initializing ProtocolHandler ["http-nio-8080"]
2021-07-30 22:58:15.523 [restartedMain] INFO  org.apache.catalina.core.StandardService - Starting service [Tomcat]
2021-07-30 22:58:15.523 [restartedMain] INFO  org.apache.catalina.core.StandardEngine - Starting Servlet engine: [Apache Tomcat/9.0.46]
2021-07-30 22:58:15.588 [restartedMain] INFO  o.a.c.core.ContainerBase.[Tomcat].[localhost].[/] - Initializing Spring embedded WebApplicationContext
2021-07-30 22:58:15.588 [restartedMain] INFO  o.s.b.w.s.c.ServletWebServerApplicationContext - Root WebApplicationContext: initialization completed in 2204 ms
2021-07-30 22:58:16.871 [restartedMain] INFO  o.s.b.d.autoconfigure.OptionalLiveReloadServer - LiveReload server is running on port 35729
2021-07-30 22:58:16.999 [restartedMain] INFO  o.s.b.a.s.s.UserDetailsServiceAutoConfiguration - 

Using generated security password: a85e72a6-0f5f-419d-8ebd-6a02601e9283

2021-07-30 22:58:17.085 [restartedMain] INFO  o.s.security.web.DefaultSecurityFilterChain - Will secure any request with [org.springframework.security.web.context.request.async.WebAsyncManagerIntegrationFilter@67f4fef8, org.springframework.security.web.context.SecurityContextPersistenceFilter@6885a957, org.springframework.security.web.header.HeaderWriterFilter@1762ccca, org.springframework.security.web.csrf.CsrfFilter@5634f45b, org.springframework.security.web.authentication.logout.LogoutFilter@795e3b33, org.springframework.security.web.authentication.UsernamePasswordAuthenticationFilter@10047b79, org.springframework.security.web.authentication.ui.DefaultLoginPageGeneratingFilter@6db79fe2, org.springframework.security.web.authentication.ui.DefaultLogoutPageGeneratingFilter@506438c0, org.springframework.security.web.authentication.www.BasicAuthenticationFilter@38ecdd2a, org.springframework.security.web.savedrequest.RequestCacheAwareFilter@fda78e0, org.springframework.security.web.servletapi.SecurityContextHolderAwareRequestFilter@48dd2640, org.springframework.security.web.authentication.AnonymousAuthenticationFilter@e3fba6b, org.springframework.security.web.session.SessionManagementFilter@5f1c497d, org.springframework.security.web.access.ExceptionTranslationFilter@294c0555, org.springframework.security.web.access.intercept.FilterSecurityInterceptor@11408fb9]
2021-07-30 22:58:17.170 [restartedMain] INFO  org.apache.coyote.http11.Http11NioProtocol - Starting ProtocolHandler ["http-nio-8080"]
2021-07-30 22:58:17.187 [restartedMain] INFO  o.s.boot.web.embedded.tomcat.TomcatWebServer - Tomcat started on port(s): 8080 (http) with context path ''
2021-07-30 22:58:17.237 [restartedMain] INFO  cn.coal.trading.CTApplication - Started CTApplication in 4.571 seconds (JVM running for 6.875)
2021-07-30 22:58:17.242 [restartedMain] INFO  o.s.boot.availability.ApplicationAvailabilityBean - Application availability state LivenessState changed to CORRECT
2021-07-30 22:58:17.245 [restartedMain] INFO  o.s.boot.availability.ApplicationAvailabilityBean - Application availability state ReadinessState changed to ACCEPTING_TRAFFIC
2021-07-30 22:58:22.654 [http-nio-8080-exec-1] INFO  o.a.c.core.ContainerBase.[Tomcat].[localhost].[/] - Initializing Spring DispatcherServlet 'dispatcherServlet'
2021-07-30 22:58:22.655 [http-nio-8080-exec-1] INFO  org.springframework.web.servlet.DispatcherServlet - Initializing Servlet 'dispatcherServlet'
2021-07-30 22:58:22.657 [http-nio-8080-exec-1] INFO  org.springframework.web.servlet.DispatcherServlet - Completed initialization in 2 ms
2021-07-30 22:58:22.709 [http-nio-8080-exec-1] INFO  com.baomidou.shaun.core.client.TokenClient - Failed to retrieve or validate credentials: Cannot decrypt / verify JWT
2021-07-30 22:58:56.304 [http-nio-8080-exec-3] INFO  com.baomidou.shaun.core.client.TokenClient - Failed to retrieve or validate credentials: Cannot decrypt / verify JWT
2021-07-30 22:58:57.361 [http-nio-8080-exec-4] INFO  com.baomidou.shaun.core.client.TokenClient - Failed to retrieve or validate credentials: Cannot decrypt / verify JWT
2021-07-30 23:01:38.843 [http-nio-8080-exec-7] INFO  com.baomidou.shaun.core.client.TokenClient - Failed to retrieve or validate credentials: Cannot decrypt / verify JWT
2021-07-30 23:01:40.021 [http-nio-8080-exec-8] INFO  com.baomidou.shaun.core.client.TokenClient - Failed to retrieve or validate credentials: Cannot decrypt / verify JWT
2021-07-30 23:02:15.123 [http-nio-8080-exec-9] INFO  com.baomidou.shaun.core.client.TokenClient - Failed to retrieve or validate credentials: Cannot decrypt / verify JWT
2021-07-30 23:02:16.435 [http-nio-8080-exec-10] INFO  com.baomidou.shaun.core.client.TokenClient - Failed to retrieve or validate credentials: Cannot decrypt / verify JWT
2021-07-30 23:07:00.906 [SpringContextShutdownHook] INFO  o.s.boot.availability.ApplicationAvailabilityBean - Application availability state ReadinessState changed from ACCEPTING_TRAFFIC to REFUSING_TRAFFIC
2021-07-30 23:07:09.082 [restartedMain] INFO  cn.coal.trading.CTApplication - Starting CTApplication using Java 11.0.10 on songyandeMacBook-Air.local with PID 50995 (/Users/songyanbai/CoalTrading/target/classes started by songyanbai in /Users/songyanbai/CoalTrading)
2021-07-30 23:07:09.087 [restartedMain] INFO  cn.coal.trading.CTApplication - No active profile set, falling back to default profiles: default
2021-07-30 23:07:09.176 [restartedMain] INFO  o.s.b.d.env.DevToolsPropertyDefaultsPostProcessor - Devtools property defaults active! Set 'spring.devtools.add-properties' to 'false' to disable
2021-07-30 23:07:09.184 [restartedMain] INFO  o.s.b.d.env.DevToolsPropertyDefaultsPostProcessor - For additional web related logging consider setting the 'logging.level.web' property to 'DEBUG'
2021-07-30 23:07:10.992 [restartedMain] INFO  o.s.c.s.PostProcessorRegistrationDelegate$BeanPostProcessorChecker - Bean 'com.baomidou.shaun.autoconfigure.ShaunAnnotationAutoConfiguration' of type [com.baomidou.shaun.autoconfigure.ShaunAnnotationAutoConfiguration] is not eligible for getting processed by all BeanPostProcessors (for example: not eligible for auto-proxying)
2021-07-30 23:07:10.997 [restartedMain] INFO  o.s.c.s.PostProcessorRegistrationDelegate$BeanPostProcessorChecker - Bean 'shaunMethodSecurityInterceptor' of type [com.baomidou.shaun.core.aop.MethodSecurityInterceptor] is not eligible for getting processed by all BeanPostProcessors (for example: not eligible for auto-proxying)
2021-07-30 23:07:10.998 [restartedMain] INFO  o.s.c.s.PostProcessorRegistrationDelegate$BeanPostProcessorChecker - Bean 'shaunMethodSecurityAdvisor' of type [com.baomidou.shaun.core.aop.MethodSecurityAdvisor] is not eligible for getting processed by all BeanPostProcessors (for example: not eligible for auto-proxying)
2021-07-30 23:07:11.593 [restartedMain] INFO  o.s.boot.web.embedded.tomcat.TomcatWebServer - Tomcat initialized with port(s): 8080 (http)
2021-07-30 23:07:11.601 [restartedMain] INFO  org.apache.coyote.http11.Http11NioProtocol - Initializing ProtocolHandler ["http-nio-8080"]
2021-07-30 23:07:11.601 [restartedMain] INFO  org.apache.catalina.core.StandardService - Starting service [Tomcat]
2021-07-30 23:07:11.618 [restartedMain] INFO  org.apache.catalina.core.StandardEngine - Starting Servlet engine: [Apache Tomcat/9.0.46]
2021-07-30 23:07:11.691 [restartedMain] INFO  o.a.c.core.ContainerBase.[Tomcat].[localhost].[/] - Initializing Spring embedded WebApplicationContext
2021-07-30 23:07:11.691 [restartedMain] INFO  o.s.b.w.s.c.ServletWebServerApplicationContext - Root WebApplicationContext: initialization completed in 2505 ms
2021-07-30 23:07:12.943 [restartedMain] INFO  o.s.b.d.autoconfigure.OptionalLiveReloadServer - LiveReload server is running on port 35729
2021-07-30 23:07:13.057 [restartedMain] INFO  o.s.b.a.s.s.UserDetailsServiceAutoConfiguration - 

Using generated security password: b2a30c64-65d1-41f1-85f9-a7cb98c6b259

2021-07-30 23:07:13.128 [restartedMain] INFO  o.s.security.web.DefaultSecurityFilterChain - Will secure any request with [org.springframework.security.web.context.request.async.WebAsyncManagerIntegrationFilter@7404aeff, org.springframework.security.web.context.SecurityContextPersistenceFilter@733714a4, org.springframework.security.web.header.HeaderWriterFilter@44c4c736, org.springframework.security.web.csrf.CsrfFilter@df67777, org.springframework.security.web.authentication.logout.LogoutFilter@15830dcc, org.springframework.security.web.authentication.UsernamePasswordAuthenticationFilter@ce475f9, org.springframework.security.web.authentication.ui.DefaultLoginPageGeneratingFilter@3dbb16d8, org.springframework.security.web.authentication.ui.DefaultLogoutPageGeneratingFilter@5e2ccf72, org.springframework.security.web.authentication.www.BasicAuthenticationFilter@71e97076, org.springframework.security.web.savedrequest.RequestCacheAwareFilter@7ae5f67d, org.springframework.security.web.servletapi.SecurityContextHolderAwareRequestFilter@2c8583ba, org.springframework.security.web.authentication.AnonymousAuthenticationFilter@64fc6e01, org.springframework.security.web.session.SessionManagementFilter@503e1c79, org.springframework.security.web.access.ExceptionTranslationFilter@40f475e7, org.springframework.security.web.access.intercept.FilterSecurityInterceptor@5ece9010]
2021-07-30 23:07:13.201 [restartedMain] INFO  org.apache.coyote.http11.Http11NioProtocol - Starting ProtocolHandler ["http-nio-8080"]
2021-07-30 23:07:13.218 [restartedMain] INFO  o.s.boot.web.embedded.tomcat.TomcatWebServer - Tomcat started on port(s): 8080 (http) with context path ''
2021-07-30 23:07:13.259 [restartedMain] INFO  cn.coal.trading.CTApplication - Started CTApplication in 4.96 seconds (JVM running for 6.041)
2021-07-30 23:07:13.264 [restartedMain] INFO  o.s.boot.availability.ApplicationAvailabilityBean - Application availability state LivenessState changed to CORRECT
2021-07-30 23:07:13.266 [restartedMain] INFO  o.s.boot.availability.ApplicationAvailabilityBean - Application availability state ReadinessState changed to ACCEPTING_TRAFFIC
2021-07-30 23:07:25.744 [http-nio-8080-exec-1] INFO  o.a.c.core.ContainerBase.[Tomcat].[localhost].[/] - Initializing Spring DispatcherServlet 'dispatcherServlet'
2021-07-30 23:07:25.745 [http-nio-8080-exec-1] INFO  org.springframework.web.servlet.DispatcherServlet - Initializing Servlet 'dispatcherServlet'
2021-07-30 23:07:25.753 [http-nio-8080-exec-1] INFO  org.springframework.web.servlet.DispatcherServlet - Completed initialization in 7 ms
2021-07-30 23:07:25.801 [http-nio-8080-exec-1] INFO  com.baomidou.shaun.core.client.TokenClient - Failed to retrieve or validate credentials: Cannot decrypt / verify JWT
