2021-08-03 00:02:16.829 [restartedMain] INFO  cn.coal.trading.CTApplication - Starting CTApplication using Java 11.0.10 on songyandeMacBook-Air.local with PID 2632 (/Users/songyanbai/CoalTrading/target/classes started by songyanbai in /Users/songyanbai/CoalTrading)
2021-08-03 00:02:16.833 [restartedMain] INFO  cn.coal.trading.CTApplication - No active profile set, falling back to default profiles: default
2021-08-03 00:02:16.885 [restartedMain] INFO  o.s.b.d.env.DevToolsPropertyDefaultsPostProcessor - Devtools property defaults active! Set 'spring.devtools.add-properties' to 'false' to disable
2021-08-03 00:02:16.886 [restartedMain] INFO  o.s.b.d.env.DevToolsPropertyDefaultsPostProcessor - For additional web related logging consider setting the 'logging.level.web' property to 'DEBUG'
2021-08-03 00:02:18.258 [restartedMain] INFO  o.s.c.s.PostProcessorRegistrationDelegate$BeanPostProcessorChecker - Bean 'com.baomidou.shaun.autoconfigure.ShaunAnnotationAutoConfiguration' of type [com.baomidou.shaun.autoconfigure.ShaunAnnotationAutoConfiguration] is not eligible for getting processed by all BeanPostProcessors (for example: not eligible for auto-proxying)
2021-08-03 00:02:18.265 [restartedMain] INFO  o.s.c.s.PostProcessorRegistrationDelegate$BeanPostProcessorChecker - Bean 'shaunMethodSecurityInterceptor' of type [com.baomidou.shaun.core.aop.MethodSecurityInterceptor] is not eligible for getting processed by all BeanPostProcessors (for example: not eligible for auto-proxying)
2021-08-03 00:02:18.266 [restartedMain] INFO  o.s.c.s.PostProcessorRegistrationDelegate$BeanPostProcessorChecker - Bean 'shaunMethodSecurityAdvisor' of type [com.baomidou.shaun.core.aop.MethodSecurityAdvisor] is not eligible for getting processed by all BeanPostProcessors (for example: not eligible for auto-proxying)
2021-08-03 00:02:18.794 [restartedMain] INFO  o.s.boot.web.embedded.tomcat.TomcatWebServer - Tomcat initialized with port(s): 8080 (http)
2021-08-03 00:02:18.804 [restartedMain] INFO  org.apache.coyote.http11.Http11NioProtocol - Initializing ProtocolHandler ["http-nio-8080"]
2021-08-03 00:02:18.805 [restartedMain] INFO  org.apache.catalina.core.StandardService - Starting service [Tomcat]
2021-08-03 00:02:18.805 [restartedMain] INFO  org.apache.catalina.core.StandardEngine - Starting Servlet engine: [Apache Tomcat/9.0.46]
2021-08-03 00:02:18.880 [restartedMain] INFO  o.a.c.core.ContainerBase.[Tomcat].[localhost].[/] - Initializing Spring embedded WebApplicationContext
2021-08-03 00:02:18.881 [restartedMain] INFO  o.s.b.w.s.c.ServletWebServerApplicationContext - Root WebApplicationContext: initialization completed in 1994 ms
2021-08-03 00:02:20.276 [restartedMain] INFO  o.s.b.d.autoconfigure.OptionalLiveReloadServer - LiveReload server is running on port 35729
2021-08-03 00:02:20.432 [restartedMain] INFO  org.apache.coyote.http11.Http11NioProtocol - Starting ProtocolHandler ["http-nio-8080"]
2021-08-03 00:02:20.460 [restartedMain] INFO  o.s.boot.web.embedded.tomcat.TomcatWebServer - Tomcat started on port(s): 8080 (http) with context path ''
2021-08-03 00:02:20.506 [restartedMain] INFO  cn.coal.trading.CTApplication - Started CTApplication in 4.269 seconds (JVM running for 5.279)
2021-08-03 00:02:20.510 [restartedMain] INFO  o.s.boot.availability.ApplicationAvailabilityBean - Application availability state LivenessState changed to CORRECT
2021-08-03 00:02:20.513 [restartedMain] INFO  o.s.boot.availability.ApplicationAvailabilityBean - Application availability state ReadinessState changed to ACCEPTING_TRAFFIC
2021-08-03 00:03:06.081 [http-nio-8080-exec-1] INFO  o.a.c.core.ContainerBase.[Tomcat].[localhost].[/] - Initializing Spring DispatcherServlet 'dispatcherServlet'
2021-08-03 00:03:06.087 [http-nio-8080-exec-1] INFO  org.springframework.web.servlet.DispatcherServlet - Initializing Servlet 'dispatcherServlet'
2021-08-03 00:03:06.091 [http-nio-8080-exec-1] INFO  org.springframework.web.servlet.DispatcherServlet - Completed initialization in 3 ms
2021-08-03 00:03:06.154 [http-nio-8080-exec-1] INFO  com.zaxxer.hikari.HikariDataSource - HikariPool-1 - Starting...
2021-08-03 00:03:20.737 [http-nio-8080-exec-1] INFO  com.zaxxer.hikari.HikariDataSource - HikariPool-1 - Start completed.
2021-08-03 00:09:28.893 [SpringContextShutdownHook] INFO  o.s.boot.availability.ApplicationAvailabilityBean - Application availability state ReadinessState changed from ACCEPTING_TRAFFIC to REFUSING_TRAFFIC
2021-08-03 00:09:35.414 [restartedMain] INFO  cn.coal.trading.CTApplication - Starting CTApplication using Java 11.0.10 on songyandeMacBook-Air.local with PID 2822 (/Users/songyanbai/CoalTrading/target/classes started by songyanbai in /Users/songyanbai/CoalTrading)
2021-08-03 00:09:35.421 [restartedMain] INFO  cn.coal.trading.CTApplication - No active profile set, falling back to default profiles: default
2021-08-03 00:09:35.469 [restartedMain] INFO  o.s.b.d.env.DevToolsPropertyDefaultsPostProcessor - Devtools property defaults active! Set 'spring.devtools.add-properties' to 'false' to disable
2021-08-03 00:09:35.469 [restartedMain] INFO  o.s.b.d.env.DevToolsPropertyDefaultsPostProcessor - For additional web related logging consider setting the 'logging.level.web' property to 'DEBUG'
2021-08-03 00:09:37.179 [restartedMain] INFO  o.s.c.s.PostProcessorRegistrationDelegate$BeanPostProcessorChecker - Bean 'com.baomidou.shaun.autoconfigure.ShaunAnnotationAutoConfiguration' of type [com.baomidou.shaun.autoconfigure.ShaunAnnotationAutoConfiguration] is not eligible for getting processed by all BeanPostProcessors (for example: not eligible for auto-proxying)
2021-08-03 00:09:37.184 [restartedMain] INFO  o.s.c.s.PostProcessorRegistrationDelegate$BeanPostProcessorChecker - Bean 'shaunMethodSecurityInterceptor' of type [com.baomidou.shaun.core.aop.MethodSecurityInterceptor] is not eligible for getting processed by all BeanPostProcessors (for example: not eligible for auto-proxying)
2021-08-03 00:09:37.186 [restartedMain] INFO  o.s.c.s.PostProcessorRegistrationDelegate$BeanPostProcessorChecker - Bean 'shaunMethodSecurityAdvisor' of type [com.baomidou.shaun.core.aop.MethodSecurityAdvisor] is not eligible for getting processed by all BeanPostProcessors (for example: not eligible for auto-proxying)
2021-08-03 00:09:37.785 [restartedMain] INFO  o.s.boot.web.embedded.tomcat.TomcatWebServer - Tomcat initialized with port(s): 8080 (http)
2021-08-03 00:09:37.793 [restartedMain] INFO  org.apache.coyote.http11.Http11NioProtocol - Initializing ProtocolHandler ["http-nio-8080"]
2021-08-03 00:09:37.794 [restartedMain] INFO  org.apache.catalina.core.StandardService - Starting service [Tomcat]
2021-08-03 00:09:37.794 [restartedMain] INFO  org.apache.catalina.core.StandardEngine - Starting Servlet engine: [Apache Tomcat/9.0.46]
2021-08-03 00:09:37.865 [restartedMain] INFO  o.a.c.core.ContainerBase.[Tomcat].[localhost].[/] - Initializing Spring embedded WebApplicationContext
2021-08-03 00:09:37.865 [restartedMain] INFO  o.s.b.w.s.c.ServletWebServerApplicationContext - Root WebApplicationContext: initialization completed in 2395 ms
2021-08-03 00:09:39.325 [restartedMain] INFO  o.s.b.d.autoconfigure.OptionalLiveReloadServer - LiveReload server is running on port 35729
2021-08-03 00:09:39.477 [restartedMain] INFO  org.apache.coyote.http11.Http11NioProtocol - Starting ProtocolHandler ["http-nio-8080"]
2021-08-03 00:09:39.493 [restartedMain] INFO  o.s.boot.web.embedded.tomcat.TomcatWebServer - Tomcat started on port(s): 8080 (http) with context path ''
2021-08-03 00:09:39.547 [restartedMain] INFO  cn.coal.trading.CTApplication - Started CTApplication in 4.709 seconds (JVM running for 5.65)
2021-08-03 00:09:39.550 [restartedMain] INFO  o.s.boot.availability.ApplicationAvailabilityBean - Application availability state LivenessState changed to CORRECT
2021-08-03 00:09:39.553 [restartedMain] INFO  o.s.boot.availability.ApplicationAvailabilityBean - Application availability state ReadinessState changed to ACCEPTING_TRAFFIC
2021-08-03 00:09:43.994 [http-nio-8080-exec-2] INFO  o.a.c.core.ContainerBase.[Tomcat].[localhost].[/] - Initializing Spring DispatcherServlet 'dispatcherServlet'
2021-08-03 00:09:43.996 [http-nio-8080-exec-2] INFO  org.springframework.web.servlet.DispatcherServlet - Initializing Servlet 'dispatcherServlet'
2021-08-03 00:09:43.998 [http-nio-8080-exec-2] INFO  org.springframework.web.servlet.DispatcherServlet - Completed initialization in 2 ms
2021-08-03 00:12:48.615 [SpringContextShutdownHook] INFO  o.s.boot.availability.ApplicationAvailabilityBean - Application availability state ReadinessState changed from ACCEPTING_TRAFFIC to REFUSING_TRAFFIC
2021-08-03 00:12:55.690 [restartedMain] INFO  cn.coal.trading.CTApplication - Starting CTApplication using Java 11.0.10 on songyandeMacBook-Air.local with PID 2949 (/Users/songyanbai/CoalTrading/target/classes started by songyanbai in /Users/songyanbai/CoalTrading)
2021-08-03 00:12:55.694 [restartedMain] INFO  cn.coal.trading.CTApplication - No active profile set, falling back to default profiles: default
2021-08-03 00:12:55.749 [restartedMain] INFO  o.s.b.d.env.DevToolsPropertyDefaultsPostProcessor - Devtools property defaults active! Set 'spring.devtools.add-properties' to 'false' to disable
2021-08-03 00:12:55.750 [restartedMain] INFO  o.s.b.d.env.DevToolsPropertyDefaultsPostProcessor - For additional web related logging consider setting the 'logging.level.web' property to 'DEBUG'
2021-08-03 00:12:57.259 [restartedMain] INFO  o.s.c.s.PostProcessorRegistrationDelegate$BeanPostProcessorChecker - Bean 'com.baomidou.shaun.autoconfigure.ShaunAnnotationAutoConfiguration' of type [com.baomidou.shaun.autoconfigure.ShaunAnnotationAutoConfiguration] is not eligible for getting processed by all BeanPostProcessors (for example: not eligible for auto-proxying)
2021-08-03 00:12:57.263 [restartedMain] INFO  o.s.c.s.PostProcessorRegistrationDelegate$BeanPostProcessorChecker - Bean 'shaunMethodSecurityInterceptor' of type [com.baomidou.shaun.core.aop.MethodSecurityInterceptor] is not eligible for getting processed by all BeanPostProcessors (for example: not eligible for auto-proxying)
2021-08-03 00:12:57.265 [restartedMain] INFO  o.s.c.s.PostProcessorRegistrationDelegate$BeanPostProcessorChecker - Bean 'shaunMethodSecurityAdvisor' of type [com.baomidou.shaun.core.aop.MethodSecurityAdvisor] is not eligible for getting processed by all BeanPostProcessors (for example: not eligible for auto-proxying)
2021-08-03 00:12:57.740 [restartedMain] INFO  o.s.boot.web.embedded.tomcat.TomcatWebServer - Tomcat initialized with port(s): 8080 (http)
2021-08-03 00:12:57.758 [restartedMain] INFO  org.apache.coyote.http11.Http11NioProtocol - Initializing ProtocolHandler ["http-nio-8080"]
2021-08-03 00:12:57.759 [restartedMain] INFO  org.apache.catalina.core.StandardService - Starting service [Tomcat]
2021-08-03 00:12:57.759 [restartedMain] INFO  org.apache.catalina.core.StandardEngine - Starting Servlet engine: [Apache Tomcat/9.0.46]
2021-08-03 00:12:57.822 [restartedMain] INFO  o.a.c.core.ContainerBase.[Tomcat].[localhost].[/] - Initializing Spring embedded WebApplicationContext
2021-08-03 00:12:57.824 [restartedMain] INFO  o.s.b.w.s.c.ServletWebServerApplicationContext - Root WebApplicationContext: initialization completed in 2074 ms
2021-08-03 00:12:59.123 [restartedMain] INFO  o.s.b.d.autoconfigure.OptionalLiveReloadServer - LiveReload server is running on port 35729
2021-08-03 00:12:59.297 [restartedMain] INFO  org.apache.coyote.http11.Http11NioProtocol - Starting ProtocolHandler ["http-nio-8080"]
2021-08-03 00:12:59.313 [restartedMain] INFO  o.s.boot.web.embedded.tomcat.TomcatWebServer - Tomcat started on port(s): 8080 (http) with context path ''
2021-08-03 00:12:59.365 [restartedMain] INFO  cn.coal.trading.CTApplication - Started CTApplication in 4.333 seconds (JVM running for 5.445)
2021-08-03 00:12:59.368 [restartedMain] INFO  o.s.boot.availability.ApplicationAvailabilityBean - Application availability state LivenessState changed to CORRECT
2021-08-03 00:12:59.370 [restartedMain] INFO  o.s.boot.availability.ApplicationAvailabilityBean - Application availability state ReadinessState changed to ACCEPTING_TRAFFIC
2021-08-03 00:13:01.575 [http-nio-8080-exec-2] INFO  o.a.c.core.ContainerBase.[Tomcat].[localhost].[/] - Initializing Spring DispatcherServlet 'dispatcherServlet'
2021-08-03 00:13:01.577 [http-nio-8080-exec-2] INFO  org.springframework.web.servlet.DispatcherServlet - Initializing Servlet 'dispatcherServlet'
2021-08-03 00:13:01.579 [http-nio-8080-exec-2] INFO  org.springframework.web.servlet.DispatcherServlet - Completed initialization in 1 ms
2021-08-03 00:14:08.821 [restartedMain] INFO  cn.coal.trading.CTApplication - Starting CTApplication using Java 11.0.10 on songyandeMacBook-Air.local with PID 3021 (/Users/songyanbai/CoalTrading/target/classes started by songyanbai in /Users/songyanbai/CoalTrading)
2021-08-03 00:14:08.827 [restartedMain] INFO  cn.coal.trading.CTApplication - No active profile set, falling back to default profiles: default
2021-08-03 00:14:08.880 [restartedMain] INFO  o.s.b.d.env.DevToolsPropertyDefaultsPostProcessor - Devtools property defaults active! Set 'spring.devtools.add-properties' to 'false' to disable
2021-08-03 00:14:08.880 [restartedMain] INFO  o.s.b.d.env.DevToolsPropertyDefaultsPostProcessor - For additional web related logging consider setting the 'logging.level.web' property to 'DEBUG'
2021-08-03 00:14:10.262 [restartedMain] INFO  o.s.c.s.PostProcessorRegistrationDelegate$BeanPostProcessorChecker - Bean 'com.baomidou.shaun.autoconfigure.ShaunAnnotationAutoConfiguration' of type [com.baomidou.shaun.autoconfigure.ShaunAnnotationAutoConfiguration] is not eligible for getting processed by all BeanPostProcessors (for example: not eligible for auto-proxying)
2021-08-03 00:14:10.267 [restartedMain] INFO  o.s.c.s.PostProcessorRegistrationDelegate$BeanPostProcessorChecker - Bean 'shaunMethodSecurityInterceptor' of type [com.baomidou.shaun.core.aop.MethodSecurityInterceptor] is not eligible for getting processed by all BeanPostProcessors (for example: not eligible for auto-proxying)
2021-08-03 00:14:10.268 [restartedMain] INFO  o.s.c.s.PostProcessorRegistrationDelegate$BeanPostProcessorChecker - Bean 'shaunMethodSecurityAdvisor' of type [com.baomidou.shaun.core.aop.MethodSecurityAdvisor] is not eligible for getting processed by all BeanPostProcessors (for example: not eligible for auto-proxying)
2021-08-03 00:14:10.835 [restartedMain] INFO  o.s.boot.web.embedded.tomcat.TomcatWebServer - Tomcat initialized with port(s): 8080 (http)
2021-08-03 00:14:10.844 [restartedMain] INFO  org.apache.coyote.http11.Http11NioProtocol - Initializing ProtocolHandler ["http-nio-8080"]
2021-08-03 00:14:10.844 [restartedMain] INFO  org.apache.catalina.core.StandardService - Starting service [Tomcat]
2021-08-03 00:14:10.844 [restartedMain] INFO  org.apache.catalina.core.StandardEngine - Starting Servlet engine: [Apache Tomcat/9.0.46]
2021-08-03 00:14:10.906 [restartedMain] INFO  o.a.c.core.ContainerBase.[Tomcat].[localhost].[/] - Initializing Spring embedded WebApplicationContext
2021-08-03 00:14:10.906 [restartedMain] INFO  o.s.b.w.s.c.ServletWebServerApplicationContext - Root WebApplicationContext: initialization completed in 2025 ms
2021-08-03 00:14:12.342 [restartedMain] INFO  o.s.b.d.autoconfigure.OptionalLiveReloadServer - LiveReload server is running on port 35729
2021-08-03 00:14:12.505 [restartedMain] INFO  org.apache.coyote.http11.Http11NioProtocol - Starting ProtocolHandler ["http-nio-8080"]
2021-08-03 00:14:12.529 [restartedMain] INFO  o.s.boot.web.embedded.tomcat.TomcatWebServer - Tomcat started on port(s): 8080 (http) with context path ''
2021-08-03 00:14:12.620 [restartedMain] INFO  cn.coal.trading.CTApplication - Started CTApplication in 4.386 seconds (JVM running for 5.235)
2021-08-03 00:14:12.626 [restartedMain] INFO  o.s.boot.availability.ApplicationAvailabilityBean - Application availability state LivenessState changed to CORRECT
2021-08-03 00:14:12.630 [restartedMain] INFO  o.s.boot.availability.ApplicationAvailabilityBean - Application availability state ReadinessState changed to ACCEPTING_TRAFFIC
2021-08-03 00:17:24.697 [http-nio-8080-exec-1] INFO  o.a.c.core.ContainerBase.[Tomcat].[localhost].[/] - Initializing Spring DispatcherServlet 'dispatcherServlet'
2021-08-03 00:17:24.698 [http-nio-8080-exec-1] INFO  org.springframework.web.servlet.DispatcherServlet - Initializing Servlet 'dispatcherServlet'
2021-08-03 00:17:24.702 [http-nio-8080-exec-1] INFO  org.springframework.web.servlet.DispatcherServlet - Completed initialization in 3 ms
2021-08-03 00:24:29.248 [http-nio-8080-exec-5] INFO  com.zaxxer.hikari.HikariDataSource - HikariPool-1 - Starting...
2021-08-03 00:24:36.877 [http-nio-8080-exec-5] INFO  com.zaxxer.hikari.HikariDataSource - HikariPool-1 - Start completed.
2021-08-03 00:25:42.468 [SpringContextShutdownHook] INFO  o.s.boot.availability.ApplicationAvailabilityBean - Application availability state ReadinessState changed from ACCEPTING_TRAFFIC to REFUSING_TRAFFIC
2021-08-03 00:26:19.792 [restartedMain] INFO  cn.coal.trading.CTApplication - Starting CTApplication using Java 11.0.10 on songyandeMacBook-Air.local with PID 3552 (/Users/songyanbai/CoalTrading/target/classes started by songyanbai in /Users/songyanbai/CoalTrading)
2021-08-03 00:26:19.798 [restartedMain] INFO  cn.coal.trading.CTApplication - No active profile set, falling back to default profiles: default
2021-08-03 00:26:19.857 [restartedMain] INFO  o.s.b.d.env.DevToolsPropertyDefaultsPostProcessor - Devtools property defaults active! Set 'spring.devtools.add-properties' to 'false' to disable
2021-08-03 00:26:19.860 [restartedMain] INFO  o.s.b.d.env.DevToolsPropertyDefaultsPostProcessor - For additional web related logging consider setting the 'logging.level.web' property to 'DEBUG'
2021-08-03 00:26:21.240 [restartedMain] INFO  o.s.c.s.PostProcessorRegistrationDelegate$BeanPostProcessorChecker - Bean 'com.baomidou.shaun.autoconfigure.ShaunAnnotationAutoConfiguration' of type [com.baomidou.shaun.autoconfigure.ShaunAnnotationAutoConfiguration] is not eligible for getting processed by all BeanPostProcessors (for example: not eligible for auto-proxying)
2021-08-03 00:26:21.244 [restartedMain] INFO  o.s.c.s.PostProcessorRegistrationDelegate$BeanPostProcessorChecker - Bean 'shaunMethodSecurityInterceptor' of type [com.baomidou.shaun.core.aop.MethodSecurityInterceptor] is not eligible for getting processed by all BeanPostProcessors (for example: not eligible for auto-proxying)
2021-08-03 00:26:21.245 [restartedMain] INFO  o.s.c.s.PostProcessorRegistrationDelegate$BeanPostProcessorChecker - Bean 'shaunMethodSecurityAdvisor' of type [com.baomidou.shaun.core.aop.MethodSecurityAdvisor] is not eligible for getting processed by all BeanPostProcessors (for example: not eligible for auto-proxying)
2021-08-03 00:26:21.737 [restartedMain] INFO  o.s.boot.web.embedded.tomcat.TomcatWebServer - Tomcat initialized with port(s): 8080 (http)
2021-08-03 00:26:21.745 [restartedMain] INFO  org.apache.coyote.http11.Http11NioProtocol - Initializing ProtocolHandler ["http-nio-8080"]
2021-08-03 00:26:21.746 [restartedMain] INFO  org.apache.catalina.core.StandardService - Starting service [Tomcat]
2021-08-03 00:26:21.746 [restartedMain] INFO  org.apache.catalina.core.StandardEngine - Starting Servlet engine: [Apache Tomcat/9.0.46]
2021-08-03 00:26:21.805 [restartedMain] INFO  o.a.c.core.ContainerBase.[Tomcat].[localhost].[/] - Initializing Spring embedded WebApplicationContext
2021-08-03 00:26:21.805 [restartedMain] INFO  o.s.b.w.s.c.ServletWebServerApplicationContext - Root WebApplicationContext: initialization completed in 1943 ms
2021-08-03 00:26:23.169 [restartedMain] INFO  o.s.b.d.autoconfigure.OptionalLiveReloadServer - LiveReload server is running on port 35729
2021-08-03 00:26:23.326 [restartedMain] INFO  org.apache.coyote.http11.Http11NioProtocol - Starting ProtocolHandler ["http-nio-8080"]
2021-08-03 00:26:23.343 [restartedMain] INFO  o.s.boot.web.embedded.tomcat.TomcatWebServer - Tomcat started on port(s): 8080 (http) with context path ''
2021-08-03 00:26:23.385 [restartedMain] INFO  cn.coal.trading.CTApplication - Started CTApplication in 4.206 seconds (JVM running for 5.138)
2021-08-03 00:26:23.389 [restartedMain] INFO  o.s.boot.availability.ApplicationAvailabilityBean - Application availability state LivenessState changed to CORRECT
2021-08-03 00:26:23.391 [restartedMain] INFO  o.s.boot.availability.ApplicationAvailabilityBean - Application availability state ReadinessState changed to ACCEPTING_TRAFFIC
2021-08-03 00:26:47.697 [restartedMain] INFO  cn.coal.trading.CTApplication - Starting CTApplication using Java 11.0.10 on songyandeMacBook-Air.local with PID 3636 (/Users/songyanbai/CoalTrading/target/classes started by songyanbai in /Users/songyanbai/CoalTrading)
2021-08-03 00:26:47.703 [restartedMain] INFO  cn.coal.trading.CTApplication - No active profile set, falling back to default profiles: default
2021-08-03 00:26:47.753 [restartedMain] INFO  o.s.b.d.env.DevToolsPropertyDefaultsPostProcessor - Devtools property defaults active! Set 'spring.devtools.add-properties' to 'false' to disable
2021-08-03 00:26:47.754 [restartedMain] INFO  o.s.b.d.env.DevToolsPropertyDefaultsPostProcessor - For additional web related logging consider setting the 'logging.level.web' property to 'DEBUG'
2021-08-03 00:26:49.083 [restartedMain] INFO  o.s.c.s.PostProcessorRegistrationDelegate$BeanPostProcessorChecker - Bean 'com.baomidou.shaun.autoconfigure.ShaunAnnotationAutoConfiguration' of type [com.baomidou.shaun.autoconfigure.ShaunAnnotationAutoConfiguration] is not eligible for getting processed by all BeanPostProcessors (for example: not eligible for auto-proxying)
2021-08-03 00:26:49.087 [restartedMain] INFO  o.s.c.s.PostProcessorRegistrationDelegate$BeanPostProcessorChecker - Bean 'shaunMethodSecurityInterceptor' of type [com.baomidou.shaun.core.aop.MethodSecurityInterceptor] is not eligible for getting processed by all BeanPostProcessors (for example: not eligible for auto-proxying)
2021-08-03 00:26:49.088 [restartedMain] INFO  o.s.c.s.PostProcessorRegistrationDelegate$BeanPostProcessorChecker - Bean 'shaunMethodSecurityAdvisor' of type [com.baomidou.shaun.core.aop.MethodSecurityAdvisor] is not eligible for getting processed by all BeanPostProcessors (for example: not eligible for auto-proxying)
2021-08-03 00:26:49.578 [restartedMain] INFO  o.s.boot.web.embedded.tomcat.TomcatWebServer - Tomcat initialized with port(s): 8080 (http)
2021-08-03 00:26:49.586 [restartedMain] INFO  org.apache.coyote.http11.Http11NioProtocol - Initializing ProtocolHandler ["http-nio-8080"]
2021-08-03 00:26:49.587 [restartedMain] INFO  org.apache.catalina.core.StandardService - Starting service [Tomcat]
2021-08-03 00:26:49.587 [restartedMain] INFO  org.apache.catalina.core.StandardEngine - Starting Servlet engine: [Apache Tomcat/9.0.46]
2021-08-03 00:26:49.652 [restartedMain] INFO  o.a.c.core.ContainerBase.[Tomcat].[localhost].[/] - Initializing Spring embedded WebApplicationContext
2021-08-03 00:26:49.652 [restartedMain] INFO  o.s.b.w.s.c.ServletWebServerApplicationContext - Root WebApplicationContext: initialization completed in 1898 ms
2021-08-03 00:26:50.923 [restartedMain] INFO  o.s.b.d.autoconfigure.OptionalLiveReloadServer - LiveReload server is running on port 35729
2021-08-03 00:26:51.086 [restartedMain] INFO  org.apache.coyote.http11.Http11NioProtocol - Starting ProtocolHandler ["http-nio-8080"]
2021-08-03 00:26:51.101 [restartedMain] INFO  o.s.boot.web.embedded.tomcat.TomcatWebServer - Tomcat started on port(s): 8080 (http) with context path ''
2021-08-03 00:26:51.149 [restartedMain] INFO  cn.coal.trading.CTApplication - Started CTApplication in 4.039 seconds (JVM running for 5.37)
2021-08-03 00:26:51.153 [restartedMain] INFO  o.s.boot.availability.ApplicationAvailabilityBean - Application availability state LivenessState changed to CORRECT
2021-08-03 00:26:51.155 [restartedMain] INFO  o.s.boot.availability.ApplicationAvailabilityBean - Application availability state ReadinessState changed to ACCEPTING_TRAFFIC
2021-08-03 00:27:05.900 [http-nio-8080-exec-1] INFO  o.a.c.core.ContainerBase.[Tomcat].[localhost].[/] - Initializing Spring DispatcherServlet 'dispatcherServlet'
2021-08-03 00:27:05.904 [http-nio-8080-exec-1] INFO  org.springframework.web.servlet.DispatcherServlet - Initializing Servlet 'dispatcherServlet'
2021-08-03 00:27:05.907 [http-nio-8080-exec-1] INFO  org.springframework.web.servlet.DispatcherServlet - Completed initialization in 2 ms
2021-08-03 00:27:05.953 [http-nio-8080-exec-1] INFO  com.zaxxer.hikari.HikariDataSource - HikariPool-1 - Starting...
2021-08-03 00:27:15.694 [http-nio-8080-exec-1] INFO  com.zaxxer.hikari.HikariDataSource - HikariPool-1 - Start completed.
