2021-08-02 22:40:41.833 [restartedMain] DEBUG com.baomidou.shaun.core.aop.MethodSecurityAdvisor - enable security annotation for: "cn.coal.trading.controller.UserController.newUser"
2021-08-02 22:40:41.841 [restartedMain] DEBUG com.baomidou.shaun.core.aop.MethodSecurityAdvisor - enable security annotation for: "cn.coal.trading.controller.UserController.newUser"
2021-08-02 22:43:27.652 [http-nio-8080-exec-6] DEBUG org.pac4j.core.matching.matcher.PathMatcher - path to match: /user/login
2021-08-02 22:43:35.797 [http-nio-8080-exec-6] DEBUG com.baomidou.shaun.core.profile.TokenProfile - adding => key: display_name / value: 超级管理员 / class java.lang.String
2021-08-02 22:43:36.259 [http-nio-8080-exec-6] DEBUG com.baomidou.shaun.core.profile.TokenProfile - adding => key: exp / value: Tue Nov 09 00:00:00 CST 2021 / class java.util.Date
2021-08-02 22:43:36.259 [http-nio-8080-exec-6] DEBUG com.baomidou.shaun.core.profile.TokenProfile - adding => key: iat / value: Mon Aug 02 22:43:36 CST 2021 / class java.util.Date
2021-08-02 22:45:11.233 [http-nio-8080-exec-10] DEBUG org.pac4j.core.matching.matcher.PathMatcher - path to match: /info/1
2021-08-02 22:45:20.227 [http-nio-8080-exec-1] DEBUG org.pac4j.core.matching.matcher.PathMatcher - path to match: /info/7
2021-08-02 22:45:23.442 [http-nio-8080-exec-2] DEBUG org.pac4j.core.matching.matcher.PathMatcher - path to match: /info/7
2021-08-02 23:19:59.931 [restartedMain] DEBUG com.baomidou.shaun.core.aop.MethodSecurityAdvisor - enable security annotation for: "cn.coal.trading.controller.UserController.newUser"
2021-08-02 23:19:59.934 [restartedMain] DEBUG com.baomidou.shaun.core.aop.MethodSecurityAdvisor - enable security annotation for: "cn.coal.trading.controller.UserController.newUser"
2021-08-02 23:20:07.712 [http-nio-8080-exec-2] DEBUG org.pac4j.core.matching.matcher.PathMatcher - path to match: /info/7
2021-08-02 23:20:40.308 [restartedMain] DEBUG com.baomidou.shaun.core.aop.MethodSecurityAdvisor - enable security annotation for: "cn.coal.trading.controller.UserController.newUser"
2021-08-02 23:20:40.313 [restartedMain] DEBUG com.baomidou.shaun.core.aop.MethodSecurityAdvisor - enable security annotation for: "cn.coal.trading.controller.UserController.newUser"
2021-08-02 23:20:45.762 [http-nio-8080-exec-2] DEBUG org.pac4j.core.matching.matcher.PathMatcher - path to match: /info/7
2021-08-02 23:20:57.660 [http-nio-8080-exec-3] DEBUG org.pac4j.core.matching.matcher.PathMatcher - path to match: /info/7
2021-08-02 23:21:59.834 [restartedMain] DEBUG com.baomidou.shaun.core.aop.MethodSecurityAdvisor - enable security annotation for: "cn.coal.trading.controller.UserController.newUser"
2021-08-02 23:21:59.838 [restartedMain] DEBUG com.baomidou.shaun.core.aop.MethodSecurityAdvisor - enable security annotation for: "cn.coal.trading.controller.UserController.newUser"
2021-08-02 23:22:27.920 [http-nio-8080-exec-2] DEBUG org.pac4j.core.matching.matcher.PathMatcher - path to match: /info/7
2021-08-02 23:22:41.599 [http-nio-8080-exec-4] DEBUG org.pac4j.core.matching.matcher.PathMatcher - path to match: /info/7
2021-08-02 23:25:33.263 [restartedMain] DEBUG com.baomidou.shaun.core.aop.MethodSecurityAdvisor - enable security annotation for: "cn.coal.trading.controller.UserController.newUser"
2021-08-02 23:25:33.266 [restartedMain] DEBUG com.baomidou.shaun.core.aop.MethodSecurityAdvisor - enable security annotation for: "cn.coal.trading.controller.UserController.newUser"
2021-08-02 23:25:39.465 [http-nio-8080-exec-1] DEBUG org.pac4j.core.matching.matcher.PathMatcher - path to match: /info/7
2021-08-02 23:31:50.003 [restartedMain] DEBUG com.baomidou.shaun.core.aop.MethodSecurityAdvisor - enable security annotation for: "cn.coal.trading.controller.UserController.newUser"
2021-08-02 23:31:50.006 [restartedMain] DEBUG com.baomidou.shaun.core.aop.MethodSecurityAdvisor - enable security annotation for: "cn.coal.trading.controller.UserController.newUser"
2021-08-02 23:31:53.510 [http-nio-8080-exec-2] DEBUG org.pac4j.core.matching.matcher.PathMatcher - path to match: /info/yes
2021-08-02 23:32:39.641 [restartedMain] DEBUG com.baomidou.shaun.core.aop.MethodSecurityAdvisor - enable security annotation for: "cn.coal.trading.controller.UserController.newUser"
2021-08-02 23:32:39.645 [restartedMain] DEBUG com.baomidou.shaun.core.aop.MethodSecurityAdvisor - enable security annotation for: "cn.coal.trading.controller.UserController.newUser"
2021-08-02 23:32:46.135 [http-nio-8080-exec-2] DEBUG org.pac4j.core.matching.matcher.PathMatcher - path to match: /info/7L
2021-08-02 23:35:19.391 [http-nio-8080-exec-5] DEBUG org.pac4j.core.matching.matcher.PathMatcher - path to match: /info/7
2021-08-02 23:36:24.680 [restartedMain] DEBUG com.baomidou.shaun.core.aop.MethodSecurityAdvisor - enable security annotation for: "cn.coal.trading.controller.UserController.newUser"
2021-08-02 23:36:24.683 [restartedMain] DEBUG com.baomidou.shaun.core.aop.MethodSecurityAdvisor - enable security annotation for: "cn.coal.trading.controller.UserController.newUser"
2021-08-02 23:36:30.894 [http-nio-8080-exec-2] DEBUG org.pac4j.core.matching.matcher.PathMatcher - path to match: /info/7
2021-08-02 23:36:32.936 [http-nio-8080-exec-3] DEBUG org.pac4j.core.matching.matcher.PathMatcher - path to match: /info/7
2021-08-02 23:36:34.484 [http-nio-8080-exec-4] DEBUG org.pac4j.core.matching.matcher.PathMatcher - path to match: /info/7
2021-08-02 23:36:35.289 [http-nio-8080-exec-5] DEBUG org.pac4j.core.matching.matcher.PathMatcher - path to match: /info/7
2021-08-02 23:37:19.847 [restartedMain] DEBUG com.baomidou.shaun.core.aop.MethodSecurityAdvisor - enable security annotation for: "cn.coal.trading.controller.UserController.newUser"
2021-08-02 23:37:19.851 [restartedMain] DEBUG com.baomidou.shaun.core.aop.MethodSecurityAdvisor - enable security annotation for: "cn.coal.trading.controller.UserController.newUser"
2021-08-02 23:37:22.854 [http-nio-8080-exec-2] DEBUG org.pac4j.core.matching.matcher.PathMatcher - path to match: /info/7
2021-08-02 23:37:24.697 [http-nio-8080-exec-3] DEBUG org.pac4j.core.matching.matcher.PathMatcher - path to match: /info/7
2021-08-02 23:37:25.750 [http-nio-8080-exec-4] DEBUG org.pac4j.core.matching.matcher.PathMatcher - path to match: /info/7
2021-08-02 23:40:29.743 [restartedMain] DEBUG com.baomidou.shaun.core.aop.MethodSecurityAdvisor - enable security annotation for: "cn.coal.trading.controller.UserController.newUser"
2021-08-02 23:40:29.746 [restartedMain] DEBUG com.baomidou.shaun.core.aop.MethodSecurityAdvisor - enable security annotation for: "cn.coal.trading.controller.UserController.newUser"
2021-08-02 23:40:54.982 [http-nio-8080-exec-1] DEBUG org.pac4j.core.matching.matcher.PathMatcher - path to match: /info/7
2021-08-02 23:47:24.382 [restartedMain] DEBUG com.baomidou.shaun.core.aop.MethodSecurityAdvisor - enable security annotation for: "cn.coal.trading.controller.UserController.newUser"
2021-08-02 23:47:24.386 [restartedMain] DEBUG com.baomidou.shaun.core.aop.MethodSecurityAdvisor - enable security annotation for: "cn.coal.trading.controller.UserController.newUser"
2021-08-02 23:47:28.295 [http-nio-8080-exec-1] DEBUG org.pac4j.core.matching.matcher.PathMatcher - path to match: /info/7
2021-08-02 23:48:30.502 [restartedMain] DEBUG com.baomidou.shaun.core.aop.MethodSecurityAdvisor - enable security annotation for: "cn.coal.trading.controller.UserController.newUser"
2021-08-02 23:48:30.526 [restartedMain] DEBUG com.baomidou.shaun.core.aop.MethodSecurityAdvisor - enable security annotation for: "cn.coal.trading.controller.UserController.newUser"
2021-08-02 23:48:39.093 [http-nio-8080-exec-2] DEBUG org.pac4j.core.matching.matcher.PathMatcher - path to match: /info/7
2021-08-02 23:50:02.963 [restartedMain] DEBUG com.baomidou.shaun.core.aop.MethodSecurityAdvisor - enable security annotation for: "cn.coal.trading.controller.UserController.newUser"
2021-08-02 23:50:02.966 [restartedMain] DEBUG com.baomidou.shaun.core.aop.MethodSecurityAdvisor - enable security annotation for: "cn.coal.trading.controller.UserController.newUser"
2021-08-02 23:50:05.704 [http-nio-8080-exec-1] DEBUG org.pac4j.core.matching.matcher.PathMatcher - path to match: /info/7
2021-08-02 23:54:38.271 [restartedMain] DEBUG com.baomidou.shaun.core.aop.MethodSecurityAdvisor - enable security annotation for: "cn.coal.trading.controller.UserController.newUser"
2021-08-02 23:54:38.274 [restartedMain] DEBUG com.baomidou.shaun.core.aop.MethodSecurityAdvisor - enable security annotation for: "cn.coal.trading.controller.UserController.newUser"
2021-08-02 23:54:52.559 [http-nio-8080-exec-1] DEBUG org.pac4j.core.matching.matcher.PathMatcher - path to match: /info/7
2021-08-02 23:55:39.210 [http-nio-8080-exec-3] DEBUG org.pac4j.core.matching.matcher.PathMatcher - path to match: /info/6
2021-08-02 23:55:48.388 [http-nio-8080-exec-4] DEBUG org.pac4j.core.matching.matcher.PathMatcher - path to match: /info/7
